TN:
SF:src\app.tsx
FN:17,CoreApp
FN:25,(anonymous_1)
FN:26,(anonymous_2)
FN:41,(anonymous_3)
FNF:4
FNH:0
FNDA:0,CoreApp
FNDA:0,(anonymous_1)
FNDA:0,(anonymous_2)
FNDA:0,(anonymous_3)
DA:15,0
DA:18,0
DA:19,0
DA:20,0
DA:21,0
DA:25,0
DA:26,0
DA:27,0
DA:28,0
DA:29,0
DA:30,0
DA:31,0
DA:32,0
DA:37,0
DA:41,0
DA:42,0
DA:43,0
DA:44,0
DA:45,0
DA:49,0
LF:20
LH:0
BRDA:22,0,0,0
BRDA:22,0,1,0
BRDA:28,1,0,0
BRDA:28,1,1,0
BRDA:42,2,0,0
BRDA:42,2,1,0
BRDA:42,3,0,0
BRDA:42,3,1,0
BRF:8
BRH:0
end_of_record
TN:
SF:src\bootstrap.tsx
FN:9,bootstrap
FNF:1
FNH:0
FNDA:0,bootstrap
DA:10,0
DA:11,0
DA:12,0
LF:3
LH:0
BRF:0
BRH:0
end_of_record
TN:
SF:src\index.ts
FN:1,(anonymous_0)
FNF:1
FNH:0
FNDA:0,(anonymous_0)
DA:1,0
DA:2,0
DA:3,0
LF:3
LH:0
BRF:0
BRH:0
end_of_record
TN:
SF:src\app\hooks.ts
FN:5,(anonymous_0)
FNF:1
FNH:0
FNDA:0,(anonymous_0)
DA:5,0
DA:6,0
LF:2
LH:0
BRF:0
BRH:0
end_of_record
TN:
SF:src\app\reducers.ts
FNF:0
FNH:0
DA:41,0
LF:1
LH:0
BRF:0
BRH:0
end_of_record
TN:
SF:src\app\sagas.ts
FN:8,root
FNF:1
FNH:0
FNDA:0,root
DA:9,0
DA:10,0
LF:2
LH:0
BRF:0
BRH:0
end_of_record
TN:
SF:src\app\store.ts
FNF:0
FNH:0
DA:12,0
DA:20,0
DA:25,0
LF:3
LH:0
BRF:0
BRH:0
end_of_record
TN:
SF:src\features\common\CommonTooltip\index.tsx
FN:5,CommonToolTip
FNF:1
FNH:0
FNDA:0,CommonToolTip
DA:16,0
LF:1
LH:0
BRDA:17,0,0,0
BRDA:17,0,1,0
BRF:2
BRH:0
end_of_record
TN:
SF:src\features\common\bannerMessage\index.tsx
FN:11,(anonymous_0)
FN:17,(anonymous_1)
FN:26,(anonymous_2)
FNF:3
FNH:0
FNDA:0,(anonymous_0)
FNDA:0,(anonymous_1)
FNDA:0,(anonymous_2)
DA:11,0
DA:14,0
DA:16,0
DA:17,0
DA:20,0
DA:27,0
DA:28,0
DA:29,0
LF:8
LH:0
BRDA:28,0,0,0
BRDA:28,0,1,0
BRF:2
BRH:0
end_of_record
TN:
SF:src\features\common\bannerMessage\slice\bannerMessageSlice.ts
FN:24,(anonymous_0)
FN:30,(anonymous_1)
FNF:2
FNH:0
FNDA:0,(anonymous_0)
FNDA:0,(anonymous_1)
DA:14,0
DA:20,0
DA:25,0
DA:26,0
DA:27,0
DA:28,0
DA:31,0
DA:36,0
LF:8
LH:0
BRDA:25,0,0,0
BRF:1
BRH:0
end_of_record
TN:
SF:src\features\common\errorBoundary\index.tsx
FN:19,(anonymous_0)
FN:24,(anonymous_1)
FN:28,(anonymous_2)
FN:35,(anonymous_3)
FNF:4
FNH:0
FNDA:0,(anonymous_0)
FNDA:0,(anonymous_1)
FNDA:0,(anonymous_2)
FNDA:0,(anonymous_3)
DA:20,0
DA:21,0
DA:25,0
DA:29,0
DA:36,0
DA:37,0
DA:38,0
DA:40,0
DA:46,0
DA:70,0
LF:10
LH:0
BRDA:37,0,0,0
BRDA:37,0,1,0
BRDA:37,1,0,0
BRDA:37,1,1,0
BRDA:59,2,0,0
BRDA:59,2,1,0
BRF:6
BRH:0
end_of_record
TN:
SF:src\features\common\overlay\index.tsx
FN:7,Overlay
FN:8,(anonymous_1)
FN:10,(anonymous_2)
FNF:3
FNH:0
FNDA:0,Overlay
FNDA:0,(anonymous_1)
FNDA:0,(anonymous_2)
DA:8,0
DA:9,0
DA:10,0
DA:11,0
DA:12,0
DA:16,0
LF:6
LH:0
BRDA:11,0,0,0
BRDA:11,0,1,0
BRDA:18,1,0,0
BRDA:18,1,1,0
BRF:4
BRH:0
end_of_record
TN:
SF:src\features\common\overlay\slices\overlaySlice.ts
FN:14,(anonymous_0)
FNF:1
FNH:0
FNDA:0,(anonymous_0)
DA:6,0
DA:10,0
DA:15,0
DA:20,0
LF:4
LH:0
BRF:0
BRH:0
end_of_record
TN:
SF:src\features\common\radioGroupComponent\index.tsx
FN:12,RadioGroupComponent
FN:25,(anonymous_1)
FNF:2
FNH:0
FNDA:0,RadioGroupComponent
FNDA:0,(anonymous_1)
DA:19,0
DA:26,0
LF:2
LH:0
BRF:0
BRH:0
end_of_record
TN:
SF:src\features\common\utils\features.ts
FN:10,(anonymous_0)
FN:25,(anonymous_1)
FN:42,(anonymous_2)
FN:56,(anonymous_3)
FN:73,(anonymous_4)
FN:135,(anonymous_5)
FN:151,(anonymous_6)
FN:160,(anonymous_7)
FN:161,(anonymous_8)
FN:178,(anonymous_9)
FN:187,(anonymous_10)
FN:189,(anonymous_11)
FN:198,(anonymous_12)
FN:252,getUpdatedObjects
FN:254,(anonymous_14)
FN:265,(anonymous_15)
FN:278,setUpdatedDataToSource
FN:279,(anonymous_17)
FN:281,(anonymous_18)
FNF:19
FNH:19
FNDA:5,(anonymous_0)
FNDA:10,(anonymous_1)
FNDA:5,(anonymous_2)
FNDA:7,(anonymous_3)
FNDA:4,(anonymous_4)
FNDA:1,(anonymous_5)
FNDA:3,(anonymous_6)
FNDA:1,(anonymous_7)
FNDA:2,(anonymous_8)
FNDA:3,(anonymous_9)
FNDA:3,(anonymous_10)
FNDA:3,(anonymous_11)
FNDA:3,(anonymous_12)
FNDA:4,getUpdatedObjects
FNDA:6,(anonymous_14)
FNDA:12,(anonymous_15)
FNDA:5,setUpdatedDataToSource
FNDA:8,(anonymous_17)
FNDA:6,(anonymous_18)
DA:8,1
DA:10,1
DA:15,5
DA:16,5
DA:17,4
DA:19,5
DA:25,1
DA:26,10
DA:27,10
DA:28,3
DA:33,10
DA:34,3
DA:39,10
DA:42,1
DA:47,5
DA:48,5
DA:49,3
DA:50,2
DA:51,1
DA:53,5
DA:56,1
DA:57,7
DA:58,7
DA:59,7
DA:60,4
DA:65,3
DA:70,7
DA:73,1
DA:77,4
DA:78,4
DA:96,4
DA:97,4
DA:111,4
DA:112,1
DA:116,3
DA:117,1
DA:121,2
DA:122,1
DA:127,1
DA:132,4
DA:135,1
DA:140,1
DA:143,1
DA:144,1
DA:145,1
DA:146,1
DA:147,1
DA:148,1
DA:151,1
DA:152,3
DA:153,3
DA:154,3
DA:155,3
DA:156,3
DA:157,3
DA:160,1
DA:161,1
DA:162,2
DA:173,2
DA:174,2
DA:178,1
DA:183,3
DA:184,3
DA:185,3
DA:187,3
DA:188,3
DA:189,3
DA:191,3
DA:192,2
DA:193,2
DA:195,1
DA:198,3
DA:221,3
DA:233,3
DA:253,4
DA:254,4
DA:255,6
DA:262,6
DA:263,6
DA:265,6
DA:266,12
DA:267,2
DA:271,6
DA:272,2
DA:275,4
DA:279,5
DA:280,8
DA:281,6
DA:283,8
LF:89
LH:89
BRDA:16,0,0,4
BRDA:16,0,1,1
BRDA:27,1,0,3
BRDA:27,1,1,7
BRDA:33,2,0,3
BRDA:33,2,1,7
BRDA:48,3,0,3
BRDA:48,3,1,2
BRDA:50,4,0,1
BRDA:50,4,1,1
BRDA:59,5,0,4
BRDA:59,5,1,3
BRDA:111,6,0,1
BRDA:111,6,1,3
BRDA:116,7,0,1
BRDA:116,7,1,2
BRDA:121,8,0,1
BRDA:121,8,1,1
BRDA:129,9,0,1
BRDA:129,9,1,1
BRDA:152,10,0,3
BRDA:152,10,1,1
BRDA:153,11,0,3
BRDA:153,11,1,1
BRDA:191,12,0,2
BRDA:191,12,1,1
BRDA:202,13,0,3
BRDA:202,13,1,1
BRDA:225,14,0,3
BRDA:225,14,1,1
BRDA:266,15,0,2
BRDA:266,15,1,10
BRDA:271,16,0,2
BRDA:271,16,1,4
BRDA:283,17,0,1
BRDA:283,17,1,7
BRF:36
BRH:36
end_of_record
TN:
SF:src\features\common\utils\projectEnvPath.ts
FN:1,getEnvBasedOnHostName
FNF:1
FNH:0
FNDA:0,getEnvBasedOnHostName
DA:3,0
DA:4,0
DA:43,0
DA:44,0
DA:46,0
DA:48,0
DA:49,0
DA:51,0
DA:52,0
DA:54,0
DA:55,0
DA:57,0
DA:58,0
DA:60,0
LF:14
LH:0
BRDA:46,0,0,0
BRDA:46,0,1,0
BRDA:46,0,2,0
BRDA:46,0,3,0
BRF:4
BRH:0
end_of_record
TN:
SF:src\features\header\index.tsx
FN:9,(anonymous_0)
FN:20,(anonymous_1)
FN:31,Header
FN:50,(anonymous_3)
FN:65,(anonymous_4)
FNF:5
FNH:0
FNDA:0,(anonymous_0)
FNDA:0,(anonymous_1)
FNDA:0,Header
FNDA:0,(anonymous_3)
FNDA:0,(anonymous_4)
DA:9,0
DA:10,0
DA:20,0
DA:21,0
DA:32,0
DA:39,0
DA:45,0
DA:50,0
DA:51,0
DA:52,0
DA:53,0
DA:56,0
DA:66,0
LF:13
LH:0
BRDA:52,0,0,0
BRDA:52,0,1,0
BRF:2
BRH:0
end_of_record
TN:
SF:src\features\importRbvForm\index.tsx
FN:33,ImportRbvForm
FN:35,(anonymous_1)
FN:36,(anonymous_2)
FN:42,(anonymous_3)
FN:50,(anonymous_4)
FN:71,(anonymous_5)
FN:75,(anonymous_6)
FN:80,(anonymous_7)
FN:84,(anonymous_8)
FN:89,(anonymous_9)
FN:105,(anonymous_10)
FN:115,(anonymous_11)
FN:128,(anonymous_12)
FN:216,(anonymous_13)
FNF:14
FNH:0
FNDA:0,ImportRbvForm
FNDA:0,(anonymous_1)
FNDA:0,(anonymous_2)
FNDA:0,(anonymous_3)
FNDA:0,(anonymous_4)
FNDA:0,(anonymous_5)
FNDA:0,(anonymous_6)
FNDA:0,(anonymous_7)
FNDA:0,(anonymous_8)
FNDA:0,(anonymous_9)
FNDA:0,(anonymous_10)
FNDA:0,(anonymous_11)
FNDA:0,(anonymous_12)
FNDA:0,(anonymous_13)
DA:31,0
DA:34,0
DA:35,0
DA:36,0
DA:37,0
DA:38,0
DA:39,0
DA:40,0
DA:42,0
DA:43,0
DA:44,0
DA:45,0
DA:46,0
DA:50,0
DA:53,0
DA:54,0
DA:55,0
DA:56,0
DA:57,0
DA:58,0
DA:59,0
DA:60,0
DA:62,0
DA:63,0
DA:65,0
DA:66,0
DA:68,0
DA:71,0
DA:72,0
DA:75,0
DA:76,0
DA:77,0
DA:80,0
DA:81,0
DA:84,0
DA:85,0
DA:86,0
DA:89,0
DA:90,0
DA:91,0
DA:92,0
DA:93,0
DA:99,0
DA:101,0
DA:105,0
DA:106,0
DA:107,0
DA:108,0
DA:109,0
DA:110,0
DA:111,0
DA:115,0
DA:116,0
DA:117,0
DA:118,0
DA:121,0
DA:128,0
DA:217,0
LF:58
LH:0
BRDA:45,0,0,0
BRDA:45,0,1,0
BRDA:55,1,0,0
BRDA:55,1,1,0
BRDA:62,2,0,0
BRDA:62,2,1,0
BRDA:65,3,0,0
BRDA:65,3,1,0
BRDA:68,4,0,0
BRDA:68,4,1,0
BRDA:72,5,0,0
BRDA:72,5,1,0
BRDA:110,6,0,0
BRDA:110,6,1,0
BRDA:124,7,0,0
BRDA:124,7,1,0
BRDA:141,8,0,0
BRDA:141,8,1,0
BRDA:149,9,0,0
BRDA:149,9,1,0
BRDA:149,10,0,0
BRDA:149,10,1,0
BRDA:164,11,0,0
BRDA:164,11,1,0
BRDA:180,12,0,0
BRDA:180,12,1,0
BRDA:180,12,2,0
BRDA:200,13,0,0
BRDA:200,13,1,0
BRDA:214,14,0,0
BRDA:214,14,1,0
BRDA:240,15,0,0
BRDA:240,15,1,0
BRF:33
BRH:0
end_of_record
TN:
SF:src\features\importRbvForm\saga\importRbvFormSaga.ts
FN:18,watchImportRbvFormSaga
FN:22,uploadFileSaga
FNF:2
FNH:0
FNDA:0,watchImportRbvFormSaga
FNDA:0,uploadFileSaga
DA:19,0
DA:23,0
DA:24,0
DA:25,0
DA:26,0
DA:27,0
DA:36,0
DA:37,0
DA:38,0
DA:39,0
DA:40,0
DA:41,0
DA:42,0
DA:48,0
DA:55,0
DA:56,0
DA:57,0
DA:58,0
DA:64,0
LF:19
LH:0
BRDA:35,0,0,0
BRDA:35,1,0,0
BRF:2
BRH:0
end_of_record
TN:
SF:src\features\importRbvForm\selector\importRbvFormSelector.ts
FN:3,(anonymous_0)
FNF:1
FNH:0
FNDA:0,(anonymous_0)
DA:3,0
DA:4,0
LF:2
LH:0
BRF:0
BRH:0
end_of_record
TN:
SF:src\features\importRbvForm\slice\importRbvFormSlice.ts
FN:19,(anonymous_0)
FN:22,(anonymous_1)
FN:25,(anonymous_2)
FN:28,(anonymous_3)
FN:31,(anonymous_4)
FN:32,(anonymous_5)
FN:36,(anonymous_6)
FNF:7
FNH:0
FNDA:0,(anonymous_0)
FNDA:0,(anonymous_1)
FNDA:0,(anonymous_2)
FNDA:0,(anonymous_3)
FNDA:0,(anonymous_4)
FNDA:0,(anonymous_5)
FNDA:0,(anonymous_6)
DA:9,0
DA:15,0
DA:20,0
DA:23,0
DA:26,0
DA:29,0
DA:33,0
DA:34,0
DA:37,0
DA:38,0
DA:51,0
LF:11
LH:0
BRF:0
BRH:0
end_of_record
TN:
SF:src\features\itemized\components\TableHeader\index.tsx
FN:18,ItemizedTableHeader
FNF:1
FNH:0
FNDA:0,ItemizedTableHeader
DA:25,0
LF:1
LH:0
BRDA:23,0,0,0
BRDA:40,1,0,0
BRDA:40,1,1,0
BRF:3
BRH:0
end_of_record
TN:
SF:src\features\itemized\components\commentsModal\index.tsx
FN:9,(anonymous_0)
FN:16,handleOnChange
FN:29,(anonymous_2)
FN:41,(anonymous_3)
FN:65,(anonymous_4)
FNF:5
FNH:0
FNDA:0,(anonymous_0)
FNDA:0,handleOnChange
FNDA:0,(anonymous_2)
FNDA:0,(anonymous_3)
FNDA:0,(anonymous_4)
DA:9,0
DA:10,0
DA:11,0
DA:12,0
DA:17,0
DA:18,0
DA:21,0
DA:30,0
DA:42,0
DA:48,0
DA:65,0
LF:11
LH:0
BRDA:51,0,0,0
BRDA:51,0,1,0
BRF:2
BRH:0
end_of_record
TN:
SF:src\features\itemized\components\truncatedTextContent\index.tsx
FN:3,TruncatedTextContent
FNF:1
FNH:0
FNDA:0,TruncatedTextContent
DA:10,0
DA:11,0
DA:12,0
DA:13,0
DA:14,0
DA:16,0
LF:6
LH:0
BRDA:12,0,0,0
BRDA:12,0,1,0
BRF:2
BRH:0
end_of_record
TN:
SF:src\features\itemized\mockData\itemizedMock.ts
FNF:0
FNH:0
DA:1,0
LF:1
LH:0
BRF:0
BRH:0
end_of_record
TN:
SF:src\features\itemized\newTable\columns.ts
FN:92,(anonymous_0)
FN:95,(anonymous_1)
FN:115,(anonymous_2)
FN:118,(anonymous_3)
FNF:4
FNH:0
FNDA:0,(anonymous_0)
FNDA:0,(anonymous_1)
FNDA:0,(anonymous_2)
FNDA:0,(anonymous_3)
DA:35,0
DA:50,0
DA:65,0
DA:75,0
DA:90,0
DA:92,0
DA:93,0
DA:95,0
DA:96,0
DA:98,0
DA:115,0
DA:116,0
DA:118,0
DA:119,0
DA:122,0
DA:134,0
DA:151,0
LF:17
LH:0
BRF:0
BRH:0
end_of_record
TN:
SF:src\features\itemized\newTable\customCells.tsx
FN:24,(anonymous_0)
FN:30,(anonymous_1)
FN:45,(anonymous_2)
FN:49,(anonymous_3)
FN:59,(anonymous_4)
FN:71,(anonymous_5)
FN:72,EditableSelectCell
FN:85,(anonymous_7)
FN:89,(anonymous_8)
FN:96,(anonymous_9)
FN:108,(anonymous_10)
FN:109,EditableRadioButtons
FN:117,(anonymous_12)
FN:124,(anonymous_13)
FN:128,(anonymous_14)
FN:144,(anonymous_15)
FN:157,(anonymous_16)
FN:158,EditableCheckBox
FN:163,(anonymous_18)
FN:170,(anonymous_19)
FN:177,(anonymous_20)
FN:186,(anonymous_21)
FN:187,CommentsCell
FN:190,(anonymous_23)
FN:218,(anonymous_24)
FN:222,(anonymous_25)
FN:231,(anonymous_26)
FNF:27
FNH:0
FNDA:0,(anonymous_0)
FNDA:0,(anonymous_1)
FNDA:0,(anonymous_2)
FNDA:0,(anonymous_3)
FNDA:0,(anonymous_4)
FNDA:0,(anonymous_5)
FNDA:0,EditableSelectCell
FNDA:0,(anonymous_7)
FNDA:0,(anonymous_8)
FNDA:0,(anonymous_9)
FNDA:0,(anonymous_10)
FNDA:0,EditableRadioButtons
FNDA:0,(anonymous_12)
FNDA:0,(anonymous_13)
FNDA:0,(anonymous_14)
FNDA:0,(anonymous_15)
FNDA:0,(anonymous_16)
FNDA:0,EditableCheckBox
FNDA:0,(anonymous_18)
FNDA:0,(anonymous_19)
FNDA:0,(anonymous_20)
FNDA:0,(anonymous_21)
FNDA:0,CommentsCell
FNDA:0,(anonymous_23)
FNDA:0,(anonymous_24)
FNDA:0,(anonymous_25)
FNDA:0,(anonymous_26)
DA:17,0
DA:24,0
DA:25,0
DA:26,0
DA:27,0
DA:30,0
DA:37,0
DA:45,0
DA:46,0
DA:49,0
DA:50,0
DA:52,0
DA:53,0
DA:60,0
DA:61,0
DA:71,0
DA:72,0
DA:73,0
DA:74,0
DA:75,0
DA:85,0
DA:90,0
DA:96,0
DA:105,0
DA:108,0
DA:109,0
DA:113,0
DA:114,0
DA:115,0
DA:116,0
DA:117,0
DA:118,0
DA:120,0
DA:124,0
DA:129,0
DA:144,0
DA:153,0
DA:157,0
DA:158,0
DA:159,0
DA:160,0
DA:161,0
DA:164,0
DA:170,0
DA:177,0
DA:182,0
DA:186,0
DA:187,0
DA:188,0
DA:190,0
DA:191,0
DA:199,0
DA:218,0
DA:219,0
DA:223,0
DA:231,0
DA:235,0
LF:57
LH:0
BRDA:26,0,0,0
BRDA:26,0,1,0
BRDA:27,1,0,0
BRDA:27,1,1,0
BRDA:64,2,0,0
BRDA:64,2,1,0
BRDA:74,3,0,0
BRDA:74,3,1,0
BRDA:76,4,0,0
BRDA:76,4,1,0
BRDA:83,5,0,0
BRDA:83,5,1,0
BRDA:97,6,0,0
BRDA:97,6,1,0
BRDA:114,7,0,0
BRDA:114,7,1,0
BRDA:116,8,0,0
BRDA:116,8,1,0
BRDA:121,9,0,0
BRDA:121,9,1,0
BRDA:139,10,0,0
BRDA:139,10,1,0
BRDA:145,11,0,0
BRDA:145,11,1,0
BRDA:160,12,0,0
BRDA:160,12,1,0
BRDA:162,13,0,0
BRDA:162,13,1,0
BRDA:199,14,0,0
BRDA:199,14,1,0
BRDA:226,15,0,0
BRDA:226,15,1,0
BRF:32
BRH:0
end_of_record
TN:
SF:src\features\itemized\newTable\itemizedTable.tsx
FN:45,(anonymous_0)
FN:51,(anonymous_1)
FN:54,(anonymous_2)
FN:57,(anonymous_3)
FN:68,(anonymous_4)
FN:75,(anonymous_5)
FN:82,(anonymous_6)
FN:87,(anonymous_7)
FN:91,(anonymous_8)
FN:94,(anonymous_9)
FN:95,(anonymous_10)
FN:118,(anonymous_11)
FN:124,(anonymous_12)
FN:127,(anonymous_13)
FN:133,(anonymous_14)
FN:155,(anonymous_15)
FN:179,(anonymous_16)
FNF:17
FNH:0
FNDA:0,(anonymous_0)
FNDA:0,(anonymous_1)
FNDA:0,(anonymous_2)
FNDA:0,(anonymous_3)
FNDA:0,(anonymous_4)
FNDA:0,(anonymous_5)
FNDA:0,(anonymous_6)
FNDA:0,(anonymous_7)
FNDA:0,(anonymous_8)
FNDA:0,(anonymous_9)
FNDA:0,(anonymous_10)
FNDA:0,(anonymous_11)
FNDA:0,(anonymous_12)
FNDA:0,(anonymous_13)
FNDA:0,(anonymous_14)
FNDA:0,(anonymous_15)
FNDA:0,(anonymous_16)
DA:36,0
DA:38,0
DA:45,0
DA:46,0
DA:47,0
DA:48,0
DA:50,0
DA:51,0
DA:53,0
DA:54,0
DA:56,0
DA:57,0
DA:60,0
DA:61,0
DA:62,0
DA:64,0
DA:66,0
DA:68,0
DA:69,0
DA:70,0
DA:71,0
DA:75,0
DA:76,0
DA:77,0
DA:78,0
DA:82,0
DA:83,0
DA:84,0
DA:87,0
DA:88,0
DA:89,0
DA:91,0
DA:94,0
DA:95,0
DA:96,0
DA:97,0
DA:100,0
DA:105,0
DA:110,0
DA:115,0
DA:117,0
DA:118,0
DA:120,0
DA:121,0
DA:124,0
DA:125,0
DA:126,0
DA:127,0
DA:129,0
DA:133,0
DA:134,0
DA:142,0
DA:155,0
DA:180,0
LF:54
LH:0
BRDA:64,0,0,0
BRDA:64,0,1,0
BRDA:66,1,0,0
BRDA:66,1,1,0
BRDA:69,2,0,0
BRDA:69,2,1,0
BRDA:76,3,0,0
BRDA:76,3,1,0
BRDA:83,4,0,0
BRDA:83,4,1,0
BRDA:83,5,0,0
BRDA:83,5,1,0
BRDA:88,6,0,0
BRDA:88,6,1,0
BRDA:126,7,0,0
BRDA:126,7,1,0
BRDA:161,8,0,0
BRDA:161,8,1,0
BRDA:168,9,0,0
BRDA:168,9,1,0
BRDA:173,10,0,0
BRDA:173,10,1,0
BRDA:180,11,0,0
BRDA:180,11,1,0
BRDA:186,12,0,0
BRDA:186,12,1,0
BRF:26
BRH:0
end_of_record
TN:
SF:src\features\itemized\newTable\utils\index.ts
FN:7,tooltipText
FNF:1
FNH:0
FNDA:0,tooltipText
DA:8,0
DA:9,0
DA:10,0
DA:11,0
DA:13,0
DA:16,0
LF:6
LH:0
BRDA:9,0,0,0
BRDA:9,0,1,0
BRDA:9,1,0,0
BRDA:9,1,1,0
BRDA:10,2,0,0
BRDA:10,2,1,0
BRDA:13,3,0,0
BRDA:13,3,1,0
BRF:8
BRH:0
end_of_record
TN:
SF:src\features\itemized\selectors\itemizedSelectors.ts
FN:4,(anonymous_0)
FN:5,(anonymous_1)
FN:10,(anonymous_2)
FN:13,(anonymous_3)
FNF:4
FNH:0
FNDA:0,(anonymous_0)
FNDA:0,(anonymous_1)
FNDA:0,(anonymous_2)
FNDA:0,(anonymous_3)
DA:4,0
DA:5,0
DA:6,0
DA:8,0
DA:10,0
DA:13,0
DA:14,0
LF:7
LH:0
BRF:0
BRH:0
end_of_record
TN:
SF:src\features\itemized\slice\itemizedSlice.ts
FN:28,(anonymous_0)
FN:31,(anonymous_1)
FN:34,(anonymous_2)
FN:37,(anonymous_3)
FN:40,(anonymous_4)
FN:43,(anonymous_5)
FNF:6
FNH:0
FNDA:0,(anonymous_0)
FNDA:0,(anonymous_1)
FNDA:0,(anonymous_2)
FNDA:0,(anonymous_3)
FNDA:0,(anonymous_4)
FNDA:0,(anonymous_5)
DA:12,0
DA:24,0
DA:29,0
DA:32,0
DA:35,0
DA:38,0
DA:41,0
DA:44,0
DA:56,0
LF:9
LH:0
BRF:0
BRH:0
end_of_record
TN:
SF:src\features\landingPage\index.tsx
FN:10,RbvTabs
FN:12,(anonymous_1)
FN:16,(anonymous_2)
FNF:3
FNH:0
FNDA:0,RbvTabs
FNDA:0,(anonymous_1)
FNDA:0,(anonymous_2)
DA:11,0
DA:12,0
DA:14,0
DA:16,0
DA:17,0
DA:20,0
LF:6
LH:0
BRDA:28,0,0,0
BRDA:28,0,1,0
BRDA:30,1,0,0
BRDA:30,1,1,0
BRF:4
BRH:0
end_of_record
TN:
SF:src\features\landingPage\actionButtons\index.tsx
FN:15,(anonymous_0)
FN:18,(anonymous_1)
FN:21,(anonymous_2)
FN:34,(anonymous_3)
FN:38,(anonymous_4)
FN:49,(anonymous_5)
FN:63,(anonymous_6)
FN:104,(anonymous_7)
FNF:8
FNH:0
FNDA:0,(anonymous_0)
FNDA:0,(anonymous_1)
FNDA:0,(anonymous_2)
FNDA:0,(anonymous_3)
FNDA:0,(anonymous_4)
FNDA:0,(anonymous_5)
FNDA:0,(anonymous_6)
FNDA:0,(anonymous_7)
DA:15,0
DA:16,0
DA:17,0
DA:18,0
DA:20,0
DA:21,0
DA:30,0
DA:32,0
DA:34,0
DA:35,0
DA:38,0
DA:39,0
DA:42,0
DA:50,0
DA:63,0
DA:64,0
DA:65,0
DA:69,0
DA:105,0
LF:19
LH:0
BRDA:64,0,0,0
BRDA:64,0,1,0
BRDA:79,1,0,0
BRDA:79,1,1,0
BRDA:84,2,0,0
BRDA:84,2,1,0
BRDA:94,3,0,0
BRDA:94,3,1,0
BRDA:95,4,0,0
BRDA:95,4,1,0
BRDA:103,5,0,0
BRDA:103,5,1,0
BRDA:107,6,0,0
BRDA:107,6,1,0
BRDA:116,7,0,0
BRDA:116,7,1,0
BRF:16
BRH:0
end_of_record
TN:
SF:src\features\landingPage\actionButtons\selectors\actionButtonSelector.ts
FN:3,(anonymous_0)
FNF:1
FNH:0
FNDA:0,(anonymous_0)
DA:3,0
DA:4,0
LF:2
LH:0
BRF:0
BRH:0
end_of_record
TN:
SF:src\features\landingPage\actionButtons\slice\actionButtonSlice.ts
FN:27,(anonymous_0)
FNF:1
FNH:0
FNDA:0,(anonymous_0)
DA:13,0
DA:23,0
DA:31,0
DA:32,0
DA:40,0
LF:5
LH:0
BRF:0
BRH:0
end_of_record
TN:
SF:src\features\landingPage\deliveryWide\index.tsx
FN:13,DeliveryWideTab
FN:30,(anonymous_1)
FN:32,(anonymous_2)
FN:35,(anonymous_3)
FN:38,(anonymous_4)
FN:78,(anonymous_5)
FN:103,(anonymous_6)
FN:128,(anonymous_7)
FN:153,(anonymous_8)
FNF:9
FNH:0
FNDA:0,DeliveryWideTab
FNDA:0,(anonymous_1)
FNDA:0,(anonymous_2)
FNDA:0,(anonymous_3)
FNDA:0,(anonymous_4)
FNDA:0,(anonymous_5)
FNDA:0,(anonymous_6)
FNDA:0,(anonymous_7)
FNDA:0,(anonymous_8)
DA:14,0
DA:24,0
DA:30,0
DA:31,0
DA:32,0
DA:34,0
DA:35,0
DA:38,0
DA:39,0
DA:40,0
DA:44,0
DA:79,0
DA:104,0
DA:129,0
DA:154,0
LF:15
LH:0
BRDA:26,0,0,0
BRDA:27,1,0,0
BRDA:28,2,0,0
BRDA:29,3,0,0
BRDA:39,4,0,0
BRDA:39,4,1,0
BRDA:76,5,0,0
BRDA:76,5,1,0
BRDA:101,6,0,0
BRDA:101,6,1,0
BRDA:126,7,0,0
BRDA:126,7,1,0
BRDA:151,8,0,0
BRDA:151,8,1,0
BRF:14
BRH:0
end_of_record
TN:
SF:src\features\landingPage\deliveryWide\selectors\deliveryWideSelectors.ts
FN:3,(anonymous_0)
FN:5,(anonymous_1)
FNF:2
FNH:0
FNDA:0,(anonymous_0)
FNDA:0,(anonymous_1)
DA:3,0
DA:5,0
DA:6,0
LF:3
LH:0
BRF:0
BRH:0
end_of_record
TN:
SF:src\features\landingPage\deliveryWide\slice\deliveryWideSlice.ts
FN:15,(anonymous_0)
FN:18,(anonymous_1)
FNF:2
FNH:0
FNDA:0,(anonymous_0)
FNDA:0,(anonymous_1)
DA:7,0
DA:11,0
DA:16,0
DA:22,0
DA:23,0
DA:29,0
LF:6
LH:0
BRF:0
BRH:0
end_of_record
TN:
SF:src\features\landingPage\saga\landingPageSaga.ts
FN:42,watchSaveApiSaga
FN:50,saveApiSaga
FN:53,(anonymous_2)
FN:103,getRbvListDataSaga
FN:137,setDeliveryAndItemisedData
FN:177,setItemizedDetails
FN:192,lockRbvFormSaga
FN:228,checkLockAndEnableEditSaga
FN:275,enableRbvEditMode
FNF:9
FNH:0
FNDA:0,watchSaveApiSaga
FNDA:0,saveApiSaga
FNDA:0,(anonymous_2)
FNDA:0,getRbvListDataSaga
FNDA:0,setDeliveryAndItemisedData
FNDA:0,setItemizedDetails
FNDA:0,lockRbvFormSaga
FNDA:0,checkLockAndEnableEditSaga
FNDA:0,enableRbvEditMode
DA:39,0
DA:41,0
DA:43,0
DA:44,0
DA:45,0
DA:46,0
DA:47,0
DA:51,0
DA:52,0
DA:53,0
DA:55,0
DA:56,0
DA:57,0
DA:58,0
DA:59,0
DA:64,0
DA:65,0
DA:70,0
DA:71,0
DA:72,0
DA:73,0
DA:74,0
DA:76,0
DA:77,0
DA:78,0
DA:79,0
DA:80,0
DA:81,0
DA:82,0
DA:88,0
DA:94,0
DA:104,0
DA:105,0
DA:110,0
DA:111,0
DA:112,0
DA:113,0
DA:115,0
DA:128,0
DA:129,0
DA:130,0
DA:131,0
DA:132,0
DA:133,0
DA:141,0
DA:142,0
DA:143,0
DA:144,0
DA:145,0
DA:146,0
DA:152,0
DA:158,0
DA:164,0
DA:170,0
DA:178,0
DA:179,0
DA:180,0
DA:181,0
DA:182,0
DA:187,0
DA:201,0
DA:202,0
DA:211,0
DA:212,0
DA:213,0
DA:214,0
DA:215,0
DA:216,0
DA:217,0
DA:218,0
DA:221,0
DA:222,0
DA:223,0
DA:224,0
DA:229,0
DA:230,0
DA:231,0
DA:241,0
DA:242,0
DA:243,0
DA:249,0
DA:250,0
DA:251,0
DA:252,0
DA:254,0
DA:255,0
DA:256,0
DA:257,0
DA:259,0
DA:266,0
DA:268,0
DA:269,0
DA:270,0
DA:271,0
DA:276,0
DA:277,0
DA:283,0
DA:289,0
DA:295,0
DA:301,0
DA:302,0
LF:101
LH:0
BRDA:70,0,0,0
BRDA:70,1,0,0
BRDA:107,2,0,0
BRDA:108,3,0,0
BRDA:109,4,0,0
BRDA:112,5,0,0
BRDA:112,5,1,0
BRDA:139,6,0,0
BRDA:178,7,0,0
BRDA:178,7,1,0
BRDA:181,8,0,0
BRDA:181,8,1,0
BRDA:198,9,0,0
BRDA:199,10,0,0
BRDA:200,11,0,0
BRDA:214,12,0,0
BRDA:217,13,0,0
BRDA:217,13,1,0
BRDA:245,14,0,0
BRDA:246,15,0,0
BRDA:247,16,0,0
BRDA:248,17,0,0
BRDA:251,18,0,0
BRDA:251,18,1,0
BRDA:254,19,0,0
BRDA:254,19,1,0
BRDA:254,20,0,0
BRDA:254,20,1,0
BRF:28
BRH:0
end_of_record
TN:
SF:src\features\landingPage\slice\landingPageSlice.ts
FN:27,(anonymous_0)
FN:30,(anonymous_1)
FN:36,(anonymous_2)
FN:41,(anonymous_3)
FN:47,(anonymous_4)
FN:50,(anonymous_5)
FN:51,(anonymous_6)
FN:54,(anonymous_7)
FN:57,(anonymous_8)
FN:60,(anonymous_9)
FN:63,(anonymous_10)
FNF:11
FNH:0
FNDA:0,(anonymous_0)
FNDA:0,(anonymous_1)
FNDA:0,(anonymous_2)
FNDA:0,(anonymous_3)
FNDA:0,(anonymous_4)
FNDA:0,(anonymous_5)
FNDA:0,(anonymous_6)
FNDA:0,(anonymous_7)
FNDA:0,(anonymous_8)
FNDA:0,(anonymous_9)
FNDA:0,(anonymous_10)
DA:13,0
DA:23,0
DA:28,0
DA:31,0
DA:32,0
DA:33,0
DA:34,0
DA:37,0
DA:38,0
DA:39,0
DA:42,0
DA:43,0
DA:44,0
DA:45,0
DA:48,0
DA:52,0
DA:55,0
DA:58,0
DA:61,0
DA:64,0
DA:81,0
LF:21
LH:0
BRF:0
BRH:0
end_of_record
TN:
SF:src\services\importRbvFormService.ts
FN:4,(anonymous_0)
FN:21,(anonymous_1)
FNF:2
FNH:0
FNDA:0,(anonymous_0)
FNDA:0,(anonymous_1)
DA:4,0
DA:10,0
DA:13,0
DA:14,0
DA:21,0
DA:22,0
LF:6
LH:0
BRF:0
BRH:0
end_of_record
TN:
SF:src\services\landingPage.ts
FN:9,(anonymous_0)
FN:23,(anonymous_1)
FN:36,(anonymous_2)
FN:42,(anonymous_3)
FNF:4
FNH:0
FNDA:0,(anonymous_0)
FNDA:0,(anonymous_1)
FNDA:0,(anonymous_2)
FNDA:0,(anonymous_3)
DA:9,0
DA:13,0
DA:23,0
DA:24,0
DA:25,0
DA:36,0
DA:37,0
DA:42,0
DA:43,0
LF:9
LH:0
BRDA:27,0,0,0
BRDA:27,0,1,0
BRF:2
BRH:0
end_of_record
TN:
SF:src\services\rbvApi.ts
FN:3,(anonymous_0)
FN:28,(anonymous_1)
FN:31,(anonymous_2)
FN:34,(anonymous_3)
FN:38,(anonymous_4)
FNF:5
FNH:0
FNDA:0,(anonymous_0)
FNDA:0,(anonymous_1)
FNDA:0,(anonymous_2)
FNDA:0,(anonymous_3)
FNDA:0,(anonymous_4)
DA:3,0
DA:7,0
DA:16,0
DA:17,0
DA:18,0
DA:19,0
DA:21,0
DA:22,0
DA:23,0
DA:27,0
DA:29,0
DA:31,0
DA:33,0
DA:36,0
DA:40,0
LF:15
LH:0
BRDA:5,0,0,0
BRDA:19,1,0,0
BRDA:19,1,1,0
BRF:3
BRH:0
end_of_record
TN:
SF:src\services\storage\index.ts
FNF:0
FNH:0
LF:0
LH:0
BRF:0
BRH:0
end_of_record
TN:
SF:src\services\storage\storage.local.ts
FN:4,(anonymous_0)
FNF:1
FNH:0
FNDA:0,(anonymous_0)
DA:5,0
LF:1
LH:0
BRF:0
BRH:0
end_of_record
TN:
SF:src\services\storage\storage.session.ts
FN:4,(anonymous_0)
FNF:1
FNH:0
FNDA:0,(anonymous_0)
DA:5,0
LF:1
LH:0
BRF:0
BRH:0
end_of_record
TN:
SF:src\services\storage\storage.ts
FN:20,(anonymous_0)
FN:24,(anonymous_1)
FN:28,(anonymous_2)
FN:38,(anonymous_3)
FN:42,(anonymous_4)
FN:47,(anonymous_5)
FN:52,(anonymous_6)
FN:59,(anonymous_7)
FN:63,(anonymous_8)
FNF:9
FNH:0
FNDA:0,(anonymous_0)
FNDA:0,(anonymous_1)
FNDA:0,(anonymous_2)
FNDA:0,(anonymous_3)
FNDA:0,(anonymous_4)
FNDA:0,(anonymous_5)
FNDA:0,(anonymous_6)
FNDA:0,(anonymous_7)
FNDA:0,(anonymous_8)
DA:21,0
DA:25,0
DA:29,0
DA:30,0
DA:31,0
DA:33,0
DA:34,0
DA:39,0
DA:43,0
DA:44,0
DA:47,0
DA:48,0
DA:56,0
DA:60,0
DA:64,0
LF:15
LH:0
BRDA:43,0,0,0
BRDA:43,0,1,0
BRF:2
BRH:0
end_of_record
TN:
SF:src\stores\browserStorage.ts
FN:1,(anonymous_0)
FNF:1
FNH:0
FNDA:0,(anonymous_0)
DA:1,0
DA:2,0
DA:3,0
DA:4,0
DA:6,0
DA:7,0
LF:6
LH:0
BRDA:4,0,0,0
BRDA:4,0,1,0
BRF:2
BRH:0
end_of_record
TN:
SF:src\test-utils\test_utilities.tsx
FN:15,render
FN:23,Wrapper
FNF:2
FNH:0
FNDA:0,render
FNDA:0,Wrapper
DA:24,0
DA:30,0
LF:2
LH:0
BRDA:17,0,0,0
BRDA:18,1,0,0
BRDA:19,2,0,0
BRF:3
BRH:0
end_of_record
